This is pdfTeX, Version 3.14159265-2.6-1.40.21 (MiKTeX 2.9.7440 64-bit) (preloaded format=pdflatex 2020.6.11)  21 JUN 2020 11:21
entering extended mode
**./main.tex
(main.tex
LaTeX2e <2020-02-02> patch level 5
L3 programming layer <2020-06-03>
("C:\Users\Robert Crow\AppData\Local\Programs\MiKTeX 2.9\tex/latex/base\book.cl
s"
Document Class: book 2019/12/20 v1.4l Standard LaTeX document class

("C:\Users\Robert Crow\AppData\Local\Programs\MiKTeX 2.9\tex/latex/base\bk11.cl
o"
File: bk11.clo 2019/12/20 v1.4l Standard LaTeX file (size option)
)
\c@part=\count167
\c@chapter=\count168
\c@section=\count169
\c@subsection=\count170
\c@subsubsection=\count171
\c@paragraph=\count172
\c@subparagraph=\count173
\c@figure=\count174
\c@table=\count175
\abovecaptionskip=\skip47
\belowcaptionskip=\skip48
\bibindent=\dimen134
)
("C:\Users\Robert Crow\AppData\Local\Programs\MiKTeX 2.9\tex/latex/base\fontenc
.sty"
Package: fontenc 2020/02/11 v2.0o Standard LaTeX package
)
("C:\Users\Robert Crow\AppData\Local\Programs\MiKTeX 2.9\tex/latex/base\inputen
c.sty"
Package: inputenc 2018/08/11 v1.3c Input encoding file
\inpenc@prehook=\toks15
\inpenc@posthook=\toks16
)
("C:\Users\Robert Crow\AppData\Local\Programs\MiKTeX 2.9\tex/latex/listings\lis
tings.sty"
("C:\Users\Robert Crow\AppData\Local\Programs\MiKTeX 2.9\tex/latex/graphics\key
val.sty"
Package: keyval 2014/10/28 v1.15 key=value parser (DPC)
\KV@toks@=\toks17
)
\lst@mode=\count176
\lst@gtempboxa=\box45
\lst@token=\toks18
\lst@length=\count177
\lst@currlwidth=\dimen135
\lst@column=\count178
\lst@pos=\count179
\lst@lostspace=\dimen136
\lst@width=\dimen137
\lst@newlines=\count180
\lst@lineno=\count181
\lst@maxwidth=\dimen138

("C:\Users\Robert Crow\AppData\Local\Programs\MiKTeX 2.9\tex/latex/listings\lst
misc.sty"
File: lstmisc.sty 2020/03/24 1.8d (Carsten Heinz)
\c@lstnumber=\count182
\lst@skipnumbers=\count183
\lst@framebox=\box46
)
("C:\Users\Robert Crow\AppData\Local\Programs\MiKTeX 2.9\tex/latex/listings\lis
tings.cfg"
File: listings.cfg 2020/03/24 1.8d listings configuration
))
Package: listings 2020/03/24 1.8d (Carsten Heinz)

("C:\Users\Robert Crow\AppData\Local\Programs\MiKTeX 2.9\tex/latex/graphics\gra
phicx.sty"
Package: graphicx 2019/11/30 v1.2a Enhanced LaTeX Graphics (DPC,SPQR)

("C:\Users\Robert Crow\AppData\Local\Programs\MiKTeX 2.9\tex/latex/graphics\gra
phics.sty"
Package: graphics 2019/11/30 v1.4a Standard LaTeX Graphics (DPC,SPQR)

("C:\Users\Robert Crow\AppData\Local\Programs\MiKTeX 2.9\tex/latex/graphics\tri
g.sty"
Package: trig 2016/01/03 v1.10 sin cos tan (DPC)
)
("C:\Users\Robert Crow\AppData\Local\Programs\MiKTeX 2.9\tex/latex/graphics-cfg
\graphics.cfg"
File: graphics.cfg 2016/06/04 v1.11 sample graphics configuration
)
Package graphics Info: Driver file: pdftex.def on input line 105.

("C:\Users\Robert Crow\AppData\Local\Programs\MiKTeX 2.9\tex/latex/graphics-def
\pdftex.def"
File: pdftex.def 2018/01/08 v1.0l Graphics/color driver for pdftex
))
\Gin@req@height=\dimen139
\Gin@req@width=\dimen140
)
("C:\Users\Robert Crow\AppData\Local\Programs\MiKTeX 2.9\tex/latex/float\float.
sty"
Package: float 2001/11/08 v1.3d Float enhancements (AL)
\c@float@type=\count184
\float@exts=\toks19
\float@box=\box47
\@float@everytoks=\toks20
\@floatcapt=\box48
)
("C:\Users\Robert Crow\AppData\Local\Programs\MiKTeX 2.9\tex/latex/amsmath\amsm
ath.sty"
Package: amsmath 2020/01/20 v2.17e AMS math features
\@mathmargin=\skip49

For additional information on amsmath, use the `?' option.

("C:\Users\Robert Crow\AppData\Local\Programs\MiKTeX 2.9\tex/latex/amsmath\amst
ext.sty"
Package: amstext 2000/06/29 v2.01 AMS text

("C:\Users\Robert Crow\AppData\Local\Programs\MiKTeX 2.9\tex/latex/amsmath\amsg
en.sty"
File: amsgen.sty 1999/11/30 v2.0 generic functions
\@emptytoks=\toks21
\ex@=\dimen141
))
("C:\Users\Robert Crow\AppData\Local\Programs\MiKTeX 2.9\tex/latex/amsmath\amsb
sy.sty"
Package: amsbsy 1999/11/29 v1.2d Bold Symbols
\pmbraise@=\dimen142
)
("C:\Users\Robert Crow\AppData\Local\Programs\MiKTeX 2.9\tex/latex/amsmath\amso
pn.sty"
Package: amsopn 2016/03/08 v2.02 operator names
)
\inf@bad=\count185
LaTeX Info: Redefining \frac on input line 227.
\uproot@=\count186
\leftroot@=\count187
LaTeX Info: Redefining \overline on input line 389.
\classnum@=\count188
\DOTSCASE@=\count189
LaTeX Info: Redefining \ldots on input line 486.
LaTeX Info: Redefining \dots on input line 489.
LaTeX Info: Redefining \cdots on input line 610.
\Mathstrutbox@=\box49
\strutbox@=\box50
\big@size=\dimen143
LaTeX Font Info:    Redeclaring font encoding OML on input line 733.
LaTeX Font Info:    Redeclaring font encoding OMS on input line 734.
\macc@depth=\count190
\c@MaxMatrixCols=\count191
\dotsspace@=\muskip16
\c@parentequation=\count192
\dspbrk@lvl=\count193
\tag@help=\toks22
\row@=\count194
\column@=\count195
\maxfields@=\count196
\andhelp@=\toks23
\eqnshift@=\dimen144
\alignsep@=\dimen145
\tagshift@=\dimen146
\tagwidth@=\dimen147
\totwidth@=\dimen148
\lineht@=\dimen149
\@envbody=\toks24
\multlinegap=\skip50
\multlinetaggap=\skip51
\mathdisplay@stack=\toks25
LaTeX Info: Redefining \[ on input line 2859.
LaTeX Info: Redefining \] on input line 2860.
)
("C:\Users\Robert Crow\AppData\Local\Programs\MiKTeX 2.9\tex/latex/l3backend\l3
backend-pdfmode.def"
File: l3backend-pdfmode.def 2020-06-03 L3 backend support: PDF mode
\l__kernel_color_stack_int=\count197
\l__pdf_internal_box=\box51
) (main.aux

LaTeX Warning: Label `fig:my_label' multiply defined.


LaTeX Warning: Label `fig:my_label' multiply defined.


LaTeX Warning: Label `fig:my_label' multiply defined.


LaTeX Warning: Label `fig:my_label' multiply defined.


LaTeX Warning: Label `fig:my_label' multiply defined.


LaTeX Warning: Label `fig:my_label' multiply defined.


LaTeX Warning: Label `fig:my_label' multiply defined.


LaTeX Warning: Label `fig:my_label' multiply defined.

)
\openout1 = `main.aux'.

LaTeX Font Info:    Checking defaults for OML/cmm/m/it on input line 16.
LaTeX Font Info:    ... okay on input line 16.
LaTeX Font Info:    Checking defaults for OMS/cmsy/m/n on input line 16.
LaTeX Font Info:    ... okay on input line 16.
LaTeX Font Info:    Checking defaults for OT1/cmr/m/n on input line 16.
LaTeX Font Info:    ... okay on input line 16.
LaTeX Font Info:    Checking defaults for T1/cmr/m/n on input line 16.
LaTeX Font Info:    ... okay on input line 16.
LaTeX Font Info:    Checking defaults for TS1/cmr/m/n on input line 16.
LaTeX Font Info:    ... okay on input line 16.
LaTeX Font Info:    Checking defaults for OMX/cmex/m/n on input line 16.
LaTeX Font Info:    ... okay on input line 16.
LaTeX Font Info:    Checking defaults for U/cmr/m/n on input line 16.
LaTeX Font Info:    ... okay on input line 16.
\c@lstlisting=\count198

("C:\Users\Robert Crow\AppData\Local\Programs\MiKTeX 2.9\tex/context/base/mkii\
supp-pdf.mkii"
[Loading MPS to PDF converter (version 2006.09.02).]
\scratchcounter=\count199
\scratchdimen=\dimen150
\scratchbox=\box52
\nofMPsegments=\count266
\nofMParguments=\count267
\everyMPshowfont=\toks26
\MPscratchCnt=\count268
\MPscratchDim=\dimen151
\MPnumerator=\count269
\makeMPintoPDFobject=\count270
\everyMPtoPDFconversion=\toks27
)
("C:\Users\Robert Crow\AppData\Local\Programs\MiKTeX 2.9\tex/latex/epstopdf-pkg
\epstopdf-base.sty"
Package: epstopdf-base 2020-01-24 v2.11 Base part for package epstopdf

("C:\Users\Robert Crow\AppData\Local\Programs\MiKTeX 2.9\tex/generic/infwarerr\
infwarerr.sty"
Package: infwarerr 2019/12/03 v1.5 Providing info/warning/error messages (HO)
)
("C:\Users\Robert Crow\AppData\Local\Programs\MiKTeX 2.9\tex/latex/grfext\grfex
t.sty"
Package: grfext 2019/12/03 v1.3 Manage graphics extensions (HO)

("C:\Users\Robert Crow\AppData\Local\Programs\MiKTeX 2.9\tex/generic/kvdefineke
ys\kvdefinekeys.sty"
Package: kvdefinekeys 2019-12-19 v1.6 Define keys (HO)
))
("C:\Users\Robert Crow\AppData\Local\Programs\MiKTeX 2.9\tex/latex/kvoptions\kv
options.sty"
Package: kvoptions 2019/11/29 v3.13 Key value format for package options (HO)

("C:\Users\Robert Crow\AppData\Local\Programs\MiKTeX 2.9\tex/generic/ltxcmds\lt
xcmds.sty"
Package: ltxcmds 2019/12/15 v1.24 LaTeX kernel commands for general use (HO)
)
("C:\Users\Robert Crow\AppData\Local\Programs\MiKTeX 2.9\tex/generic/kvsetkeys\
kvsetkeys.sty"
Package: kvsetkeys 2019/12/15 v1.18 Key value parser (HO)
))
("C:\Users\Robert Crow\AppData\Local\Programs\MiKTeX 2.9\tex/latex/pdftexcmds\p
dftexcmds.sty"
Package: pdftexcmds 2020-06-04 v0.32 Utility functions of pdfTeX for LuaTeX (HO
)

("C:\Users\Robert Crow\AppData\Local\Programs\MiKTeX 2.9\tex/generic/iftex\ifte
x.sty"
Package: iftex 2020/03/06 v1.0d TeX engine tests
)
Package pdftexcmds Info: \pdf@primitive is available.
Package pdftexcmds Info: \pdf@ifprimitive is available.
Package pdftexcmds Info: \pdfdraftmode found.
)
Package epstopdf-base Info: Redefining graphics rule for `.eps' on input line 4
85.
Package grfext Info: Graphics extension search list:
(grfext)             [.pdf,.png,.jpg,.mps,.jpeg,.jbig2,.jb2,.PDF,.PNG,.JPG,.JPE
G,.JBIG2,.JB2,.eps]
(grfext)             \AppendGraphicsExtensions on input line 504.
) [1


{C:/Users/Robert Crow/AppData/Local/MiKTeX/2.9/pdftex/config/pdftex.map}] [2

]
Chapter 1.
[3]
<confusion.PNG, id=23, 477.28313pt x 234.8775pt>
File: confusion.PNG Graphic file (type png)
<use confusion.PNG>
Package pdftex.def Info: confusion.PNG  used on input line 97.
(pdftex.def)             Requested size: 252.94499pt x 124.47731pt.
 [4]
<roc.PNG, id=34, 386.19281pt x 296.60812pt>
File: roc.PNG Graphic file (type png)
<use roc.PNG>
Package pdftex.def Info: roc.PNG  used on input line 116.
(pdftex.def)             Requested size: 252.94499pt x 194.26842pt.
<auc.PNG, id=35, 356.83313pt x 295.85532pt>
File: auc.PNG Graphic file (type png)
<use auc.PNG>
Package pdftex.def Info: auc.PNG  used on input line 125.
(pdftex.def)             Requested size: 252.94499pt x 209.72015pt.
 [5 <./confusion.PNG> <./roc.PNG>]
<pr.PNG, id=41, 353.82187pt x 298.11375pt>
File: pr.PNG Graphic file (type png)
<use pr.PNG>
Package pdftex.def Info: pr.PNG  used on input line 134.
(pdftex.def)             Requested size: 252.94499pt x 213.12242pt.
<confusion3.PNG, id=42, 386.19281pt x 334.24875pt>
File: confusion3.PNG Graphic file (type png)
<use confusion3.PNG>
Package pdftex.def Info: confusion3.PNG  used on input line 151.
(pdftex.def)             Requested size: 252.94499pt x 218.92177pt.
 [6 <./auc.PNG> <./pr.PNG>]
<bayes.PNG, id=48, 752.0597pt x 374.90062pt>
File: bayes.PNG Graphic file (type png)
<use bayes.PNG>
Package pdftex.def Info: bayes.PNG  used on input line 160.
(pdftex.def)             Requested size: 252.94499pt x 126.0916pt.
 [7 <./confusion3.PNG> <./bayes.PNG>]
<svm_plot.PNG, id=55, 883.80188pt x 289.83281pt>
File: svm_plot.PNG Graphic file (type png)
<use svm_plot.PNG>
Package pdftex.def Info: svm_plot.PNG  used on input line 191.
(pdftex.def)             Requested size: 505.89pt x 165.90074pt.
<svmvslr.PNG, id=56, 675.27281pt x 224.33812pt>
File: svmvslr.PNG Graphic file (type png)
<use svmvslr.PNG>
Package pdftex.def Info: svmvslr.PNG  used on input line 198.
(pdftex.def)             Requested size: 505.89pt x 168.06833pt.
<svm_sens.PNG, id=57, 763.35187pt x 465.23813pt>
File: svm_sens.PNG Graphic file (type png)
<use svm_sens.PNG>
Package pdftex.def Info: svm_sens.PNG  used on input line 207.
(pdftex.def)             Requested size: 252.94499pt x 154.16086pt.
 [8 <./svm_plot.PNG> <./svmvslr.PNG>] [9 <./svm_sens.PNG>]
<boost1.PNG, id=67, 947.79094pt x 503.63156pt>
File: boost1.PNG Graphic file (type png)
<use boost1.PNG>
Package pdftex.def Info: boost1.PNG  used on input line 266.
(pdftex.def)             Requested size: 252.94499pt x 134.40695pt.

Underfull \vbox (badness 4505) has occurred while \output is active []

 [10]
<boost2.PNG, id=71, 925.20656pt x 477.28313pt>
File: boost2.PNG Graphic file (type png)
<use boost2.PNG>
Package pdftex.def Info: boost2.PNG  used on input line 276.
(pdftex.def)             Requested size: 252.94499pt x 130.48492pt.
<boost3.PNG, id=72, 542.77782pt x 502.87875pt>
File: boost3.PNG Graphic file (type png)
<use boost3.PNG>
Package pdftex.def Info: boost3.PNG  used on input line 285.
(pdftex.def)             Requested size: 252.94499pt x 234.35031pt.

Underfull \vbox (badness 10000) has occurred while \output is active []

 [11 <./boost1.PNG> <./boost2.PNG>]
<boost4.PNG, id=78, 625.58719pt x 547.2947pt>
File: boost4.PNG Graphic file (type png)
<use boost4.PNG>
Package pdftex.def Info: boost4.PNG  used on input line 299.
(pdftex.def)             Requested size: 252.94499pt x 221.28569pt.
<boost5.PNG, id=79, 576.65437pt x 389.20406pt>
File: boost5.PNG Graphic file (type png)
<use boost5.PNG>
Package pdftex.def Info: boost5.PNG  used on input line 308.
(pdftex.def)             Requested size: 252.94499pt x 170.72176pt.
 [12 <./boost3.PNG> <./boost4.PNG>]
<boost6.PNG, id=85, 541.27219pt x 472.01344pt>
File: boost6.PNG Graphic file (type png)
<use boost6.PNG>
Package pdftex.def Info: boost6.PNG  used on input line 315.
(pdftex.def)             Requested size: 252.94499pt x 220.57874pt.
<stack.PNG, id=86, 693.34032pt x 415.5525pt>
File: stack.PNG Graphic file (type png)
<use stack.PNG>
Package pdftex.def Info: stack.PNG  used on input line 326.
(pdftex.def)             Requested size: 252.94499pt x 151.60248pt.

Underfull \vbox (badness 10000) has occurred while \output is active []

 [13 <./boost5.PNG> <./boost6.PNG>] [14 <./stack.PNG>] [15] [16

]
Chapter 2.
<chain_rule.PNG, id=103, 350.5095pt x 151.16475pt>
File: chain_rule.PNG Graphic file (type png)
<use chain_rule.PNG>
Package pdftex.def Info: chain_rule.PNG  used on input line 421.
(pdftex.def)             Requested size: 252.94499pt x 109.08994pt.
[17 <./chain_rule.PNG>]
<relu.PNG, id=110, 256.5585pt x 69.861pt>
File: relu.PNG Graphic file (type png)
<use relu.PNG>
Package pdftex.def Info: relu.PNG  used on input line 436.
(pdftex.def)             Requested size: 252.94499pt x 68.87903pt.
<lrelu.PNG, id=111, 284.86424pt x 65.043pt>
File: lrelu.PNG Graphic file (type png)
<use lrelu.PNG>
Package pdftex.def Info: lrelu.PNG  used on input line 444.
(pdftex.def)             Requested size: 252.94499pt x 57.75508pt.
<NNGD.PNG, id=112, 460.72125pt x 207.174pt>
File: NNGD.PNG Graphic file (type png)
<use NNGD.PNG>
Package pdftex.def Info: NNGD.PNG  used on input line 457.
(pdftex.def)             Requested size: 379.4175pt x 170.614pt.
 [18 <./relu.PNG> <./lrelu.PNG> <./NNGD.PNG>] [19]
(main.aux)

LaTeX Warning: There were multiply-defined labels.

 ) 
Here is how much of TeX's memory you used:
 4050 strings out of 480797
 57857 string characters out of 2892759
 298373 words of memory out of 3000000
 19991 multiletter control sequences out of 15000+200000
 546471 words of font info for 53 fonts, out of 3000000 for 9000
 1141 hyphenation exceptions out of 8191
 34i,6n,36p,661b,288s stack positions out of 5000i,500n,10000p,200000b,50000s
 <C:\Users\Robert Crow\AppData\Local\MiKTeX\2.9\fonts/pk/ljfour/jknappen/ec/d
pi600\ecti1095.pk> <C:\Users\Robert Crow\AppData\Local\MiKTeX\2.9\fonts/pk/ljfo
ur/jknappen/ec/dpi600\ecbx1095.pk> <C:\Users\Robert Crow\AppData\Local\MiKTeX\2
.9\fonts/pk/ljfour/jknappen/ec/dpi600\ecsl1095.pk> <C:\Users\Robert Crow\AppDat
a\Local\MiKTeX\2.9\fonts/pk/ljfour/jknappen/ec/dpi600\ecbx1200.pk> <C:\Users\Ro
bert Crow\AppData\Local\MiKTeX\2.9\fonts/pk/ljfour/jknappen/ec/dpi600\tcrm1095.
pk> <C:\Users\Robert Crow\AppData\Local\MiKTeX\2.9\fonts/pk/ljfour/jknappen/ec/
dpi600\ecbx1440.pk> <C:\Users\Robert Crow\AppData\Local\MiKTeX\2.9\fonts/pk/ljf
our/jknappen/ec/dpi600\ecbx2488.pk> <C:\Users\Robert Crow\AppData\Local\MiKTeX\
2.9\fonts/pk/ljfour/jknappen/ec/dpi600\ecbx2074.pk> <C:\Users\Robert Crow\AppDa
ta\Local\MiKTeX\2.9\fonts/pk/ljfour/jknappen/ec/dpi600\ecrm1095.pk> <C:\Users\R
obert Crow\AppData\Local\MiKTeX\2.9\fonts/pk/ljfour/jknappen/ec/dpi600\ecrm1200
.pk> <C:\Users\Robert Crow\AppData\Local\MiKTeX\2.9\fonts/pk/ljfour/jknappen/ec
/dpi600\ecrm1728.pk><C:/Users/Robert Crow/AppData/Local/Programs/MiKTeX 2.9/fon
ts/type1/public/amsfonts/cm/cmex10.pfb><C:/Users/Robert Crow/AppData/Local/Prog
rams/MiKTeX 2.9/fonts/type1/public/amsfonts/cmextra/cmex8.pfb><C:/Users/Robert 
Crow/AppData/Local/Programs/MiKTeX 2.9/fonts/type1/public/amsfonts/cm/cmmi10.pf
b><C:/Users/Robert Crow/AppData/Local/Programs/MiKTeX 2.9/fonts/type1/public/am
sfonts/cm/cmmi6.pfb><C:/Users/Robert Crow/AppData/Local/Programs/MiKTeX 2.9/fon
ts/type1/public/amsfonts/cm/cmmi8.pfb><C:/Users/Robert Crow/AppData/Local/Progr
ams/MiKTeX 2.9/fonts/type1/public/amsfonts/cm/cmr10.pfb><C:/Users/Robert Crow/A
ppData/Local/Programs/MiKTeX 2.9/fonts/type1/public/amsfonts/cm/cmr6.pfb><C:/Us
ers/Robert Crow/AppData/Local/Programs/MiKTeX 2.9/fonts/type1/public/amsfonts/c
m/cmr8.pfb><C:/Users/Robert Crow/AppData/Local/Programs/MiKTeX 2.9/fonts/type1/
public/amsfonts/cm/cmsy10.pfb><C:/Users/Robert Crow/AppData/Local/Programs/MiKT
eX 2.9/fonts/type1/public/amsfonts/cm/cmsy6.pfb><C:/Users/Robert Crow/AppData/L
ocal/Programs/MiKTeX 2.9/fonts/type1/public/amsfonts/cm/cmsy8.pfb>
Output written on main.pdf (19 pages, 627893 bytes).
PDF statistics:
 483 PDF objects out of 1000 (max. 8388607)
 0 named destinations out of 1000 (max. 500000)
 101 words of extra memory for PDF output out of 10000 (max. 10000000)

